[INFO]-[2022/09/07 21:55:14] Cloning: 1662551714169's clone job's data is not in database, generating data
[INFO]-[2022/09/07 21:55:15] DB Copy: Creating table wpstg0_actionscheduler_actions
[INFO]-[2022/09/07 21:55:15] DB Copy: Table wp_actionscheduler_actions contains 2 rows 
[INFO]-[2022/09/07 21:55:15] DB Copy: Copy data from wp_actionscheduler_actions to wpstg0_actionscheduler_actions - 0 to 10000 records
[INFO]-[2022/09/07 21:55:15] DB Copy: Creating table wpstg0_actionscheduler_claims
[INFO]-[2022/09/07 21:55:15] DB Copy: Table wp_actionscheduler_claims contains 0 rows 
[INFO]-[2022/09/07 21:55:15] DB Copy: Creating table wpstg0_actionscheduler_groups
[INFO]-[2022/09/07 21:55:15] DB Copy: Table wp_actionscheduler_groups contains 1 rows 
[INFO]-[2022/09/07 21:55:15] DB Copy: Copy data from wp_actionscheduler_groups to wpstg0_actionscheduler_groups - 0 to 10000 records
[INFO]-[2022/09/07 21:55:16] DB Copy: Creating table wpstg0_actionscheduler_logs
[INFO]-[2022/09/07 21:55:16] DB Copy: Table wp_actionscheduler_logs contains 2 rows 
[INFO]-[2022/09/07 21:55:16] DB Copy: Copy data from wp_actionscheduler_logs to wpstg0_actionscheduler_logs - 0 to 10000 records
[INFO]-[2022/09/07 21:55:16] DB Copy: Creating table wpstg0_aysquiz_answers
[INFO]-[2022/09/07 21:55:16] DB Copy: Table wp_aysquiz_answers contains 9 rows 
[INFO]-[2022/09/07 21:55:16] DB Copy: Copy data from wp_aysquiz_answers to wpstg0_aysquiz_answers - 0 to 10000 records
[INFO]-[2022/09/07 21:55:17] DB Copy: Creating table wpstg0_aysquiz_categories
[INFO]-[2022/09/07 21:55:17] DB Copy: Table wp_aysquiz_categories contains 1 rows 
[INFO]-[2022/09/07 21:55:17] DB Copy: Copy data from wp_aysquiz_categories to wpstg0_aysquiz_categories - 0 to 10000 records
[INFO]-[2022/09/07 21:55:17] DB Copy: Creating table wpstg0_aysquiz_questions
[INFO]-[2022/09/07 21:55:17] DB Copy: Table wp_aysquiz_questions contains 3 rows 
[INFO]-[2022/09/07 21:55:17] DB Copy: Copy data from wp_aysquiz_questions to wpstg0_aysquiz_questions - 0 to 10000 records
[INFO]-[2022/09/07 21:55:17] DB Copy: Creating table wpstg0_aysquiz_quizcategories
[INFO]-[2022/09/07 21:55:17] DB Copy: Table wp_aysquiz_quizcategories contains 1 rows 
[INFO]-[2022/09/07 21:55:17] DB Copy: Copy data from wp_aysquiz_quizcategories to wpstg0_aysquiz_quizcategories - 0 to 10000 records
[INFO]-[2022/09/07 21:55:18] DB Copy: Creating table wpstg0_aysquiz_quizes
[INFO]-[2022/09/07 21:55:18] DB Copy: Table wp_aysquiz_quizes contains 1 rows 
[INFO]-[2022/09/07 21:55:18] DB Copy: Copy data from wp_aysquiz_quizes to wpstg0_aysquiz_quizes - 0 to 10000 records
[INFO]-[2022/09/07 21:55:18] DB Copy: Creating table wpstg0_aysquiz_rates
[INFO]-[2022/09/07 21:55:18] DB Copy: Table wp_aysquiz_rates contains 0 rows 
[INFO]-[2022/09/07 21:55:19] DB Copy: Creating table wpstg0_aysquiz_reports
[INFO]-[2022/09/07 21:55:19] DB Copy: Table wp_aysquiz_reports contains 0 rows 
[INFO]-[2022/09/07 21:55:19] DB Copy: Creating table wpstg0_aysquiz_settings
[INFO]-[2022/09/07 21:55:19] DB Copy: Table wp_aysquiz_settings contains 3 rows 
[INFO]-[2022/09/07 21:55:19] DB Copy: Copy data from wp_aysquiz_settings to wpstg0_aysquiz_settings - 0 to 10000 records
[INFO]-[2022/09/07 21:55:19] DB Copy: Creating table wpstg0_aysquiz_themes
[INFO]-[2022/09/07 21:55:19] DB Copy: Table wp_aysquiz_themes contains 1 rows 
[INFO]-[2022/09/07 21:55:19] DB Copy: Copy data from wp_aysquiz_themes to wpstg0_aysquiz_themes - 0 to 10000 records
[INFO]-[2022/09/07 21:55:20] DB Copy: Creating table wpstg0_commentmeta
[INFO]-[2022/09/07 21:55:20] DB Copy: Table wp_commentmeta contains 0 rows 
[INFO]-[2022/09/07 21:55:20] DB Copy: Creating table wpstg0_comments
[INFO]-[2022/09/07 21:55:20] DB Copy: Table wp_comments contains 1 rows 
[INFO]-[2022/09/07 21:55:20] DB Copy: Copy data from wp_comments to wpstg0_comments - 0 to 10000 records
[INFO]-[2022/09/07 21:55:20] DB Copy: Creating table wpstg0_duplicator_packages
[INFO]-[2022/09/07 21:55:20] DB Copy: Table wp_duplicator_packages contains 1 rows 
[INFO]-[2022/09/07 21:55:20] DB Copy: Copy data from wp_duplicator_packages to wpstg0_duplicator_packages - 0 to 10000 records
[INFO]-[2022/09/07 21:55:21] DB Copy: Creating table wpstg0_e_events
[INFO]-[2022/09/07 21:55:21] DB Copy: Table wp_e_events contains 12 rows 
[INFO]-[2022/09/07 21:55:21] DB Copy: Copy data from wp_e_events to wpstg0_e_events - 0 to 10000 records
[INFO]-[2022/09/07 21:55:21] DB Copy: Creating table wpstg0_h5p_contents
[INFO]-[2022/09/07 21:55:21] DB Copy: Table wp_h5p_contents contains 3 rows 
[INFO]-[2022/09/07 21:55:21] DB Copy: Copy data from wp_h5p_contents to wpstg0_h5p_contents - 0 to 10000 records
[INFO]-[2022/09/07 21:55:22] DB Copy: Creating table wpstg0_h5p_contents_libraries
[INFO]-[2022/09/07 21:55:22] DB Copy: Table wp_h5p_contents_libraries contains 34 rows 
[INFO]-[2022/09/07 21:55:22] DB Copy: Copy data from wp_h5p_contents_libraries to wpstg0_h5p_contents_libraries - 0 to 10000 records
[INFO]-[2022/09/07 21:55:22] DB Copy: Creating table wpstg0_h5p_contents_tags
[INFO]-[2022/09/07 21:55:22] DB Copy: Table wp_h5p_contents_tags contains 0 rows 
[INFO]-[2022/09/07 21:55:22] DB Copy: Creating table wpstg0_h5p_contents_user_data
[INFO]-[2022/09/07 21:55:22] DB Copy: Table wp_h5p_contents_user_data contains 1 rows 
[INFO]-[2022/09/07 21:55:22] DB Copy: Copy data from wp_h5p_contents_user_data to wpstg0_h5p_contents_user_data - 0 to 10000 records
[INFO]-[2022/09/07 21:55:23] DB Copy: Creating table wpstg0_h5p_counters
[INFO]-[2022/09/07 21:55:23] DB Copy: Table wp_h5p_counters contains 106 rows 
[INFO]-[2022/09/07 21:55:23] DB Copy: Copy data from wp_h5p_counters to wpstg0_h5p_counters - 0 to 10000 records
[INFO]-[2022/09/07 21:55:23] DB Copy: Creating table wpstg0_h5p_events
[INFO]-[2022/09/07 21:55:23] DB Copy: Table wp_h5p_events contains 91 rows 
[INFO]-[2022/09/07 21:55:23] DB Copy: Copy data from wp_h5p_events to wpstg0_h5p_events - 0 to 10000 records
[INFO]-[2022/09/07 21:55:24] DB Copy: Creating table wpstg0_h5p_libraries
[INFO]-[2022/09/07 21:55:24] DB Copy: Table wp_h5p_libraries contains 82 rows 
[INFO]-[2022/09/07 21:55:24] DB Copy: Copy data from wp_h5p_libraries to wpstg0_h5p_libraries - 0 to 10000 records
[INFO]-[2022/09/07 21:55:24] DB Copy: Creating table wpstg0_h5p_libraries_cachedassets
[INFO]-[2022/09/07 21:55:24] DB Copy: Table wp_h5p_libraries_cachedassets contains 19 rows 
[INFO]-[2022/09/07 21:55:24] DB Copy: Copy data from wp_h5p_libraries_cachedassets to wpstg0_h5p_libraries_cachedassets - 0 to 10000 records
[INFO]-[2022/09/07 21:55:24] DB Copy: Creating table wpstg0_h5p_libraries_hub_cache
[INFO]-[2022/09/07 21:55:24] DB Copy: Table wp_h5p_libraries_hub_cache contains 51 rows 
[INFO]-[2022/09/07 21:55:24] DB Copy: Copy data from wp_h5p_libraries_hub_cache to wpstg0_h5p_libraries_hub_cache - 0 to 10000 records
[INFO]-[2022/09/07 21:55:25] DB Copy: Creating table wpstg0_h5p_libraries_languages
[INFO]-[2022/09/07 21:55:25] DB Copy: Table wp_h5p_libraries_languages contains 1790 rows 
[INFO]-[2022/09/07 21:55:25] DB Copy: Copy data from wp_h5p_libraries_languages to wpstg0_h5p_libraries_languages - 0 to 10000 records
[INFO]-[2022/09/07 21:55:25] DB Copy: Creating table wpstg0_h5p_libraries_libraries
[INFO]-[2022/09/07 21:55:25] DB Copy: Table wp_h5p_libraries_libraries contains 204 rows 
[INFO]-[2022/09/07 21:55:25] DB Copy: Copy data from wp_h5p_libraries_libraries to wpstg0_h5p_libraries_libraries - 0 to 10000 records
[INFO]-[2022/09/07 21:55:26] DB Copy: Creating table wpstg0_h5p_results
[INFO]-[2022/09/07 21:55:26] DB Copy: Table wp_h5p_results contains 0 rows 
[INFO]-[2022/09/07 21:55:26] DB Copy: Creating table wpstg0_h5p_tags
[INFO]-[2022/09/07 21:55:26] DB Copy: Table wp_h5p_tags contains 0 rows 
[INFO]-[2022/09/07 21:55:26] DB Copy: Creating table wpstg0_h5p_tmpfiles
[INFO]-[2022/09/07 21:55:26] DB Copy: Table wp_h5p_tmpfiles contains 0 rows 
[INFO]-[2022/09/07 21:55:27] DB Copy: Creating table wpstg0_links
[INFO]-[2022/09/07 21:55:27] DB Copy: Table wp_links contains 0 rows 
[INFO]-[2022/09/07 21:55:27] DB Copy: Creating table wpstg0_options
[INFO]-[2022/09/07 21:55:27] DB Copy: Table wp_options contains 467 rows 
[INFO]-[2022/09/07 21:55:27] DB Copy: Copy data from wp_options to wpstg0_options - 0 to 10000 records
[INFO]-[2022/09/07 21:55:28] DB Copy: Creating table wpstg0_postmeta
[INFO]-[2022/09/07 21:55:28] DB Copy: Table wp_postmeta contains 2973 rows 
[INFO]-[2022/09/07 21:55:28] DB Copy: Copy data from wp_postmeta to wpstg0_postmeta - 0 to 10000 records
[INFO]-[2022/09/07 21:55:28] DB Copy: Creating table wpstg0_posts
[INFO]-[2022/09/07 21:55:28] DB Copy: Table wp_posts contains 598 rows 
[INFO]-[2022/09/07 21:55:28] DB Copy: Copy data from wp_posts to wpstg0_posts - 0 to 10000 records
[INFO]-[2022/09/07 21:55:29] DB Copy: Creating table wpstg0_revisr
[INFO]-[2022/09/07 21:55:29] DB Copy: Table wp_revisr contains 42 rows 
[INFO]-[2022/09/07 21:55:29] DB Copy: Copy data from wp_revisr to wpstg0_revisr - 0 to 10000 records
[INFO]-[2022/09/07 21:55:29] DB Copy: Creating table wpstg0_term_relationships
[INFO]-[2022/09/07 21:55:29] DB Copy: Table wp_term_relationships contains 29 rows 
[INFO]-[2022/09/07 21:55:29] DB Copy: Copy data from wp_term_relationships to wpstg0_term_relationships - 0 to 10000 records
[INFO]-[2022/09/07 21:55:29] DB Copy: Creating table wpstg0_term_taxonomy
[INFO]-[2022/09/07 21:55:29] DB Copy: Table wp_term_taxonomy contains 38 rows 
[INFO]-[2022/09/07 21:55:29] DB Copy: Copy data from wp_term_taxonomy to wpstg0_term_taxonomy - 0 to 10000 records
[INFO]-[2022/09/07 21:55:30] DB Copy: Creating table wpstg0_termmeta
[INFO]-[2022/09/07 21:55:30] DB Copy: Table wp_termmeta contains 0 rows 
[INFO]-[2022/09/07 21:55:30] DB Copy: Creating table wpstg0_terms
[INFO]-[2022/09/07 21:55:30] DB Copy: Table wp_terms contains 38 rows 
[INFO]-[2022/09/07 21:55:30] DB Copy: Copy data from wp_terms to wpstg0_terms - 0 to 10000 records
[INFO]-[2022/09/07 21:55:30] DB Copy: Creating table wpstg0_usermeta
[INFO]-[2022/09/07 21:55:31] DB Copy: Table wp_usermeta contains 116 rows 
[INFO]-[2022/09/07 21:55:31] DB Copy: Copy data from wp_usermeta to wpstg0_usermeta - 0 to 10000 records
[INFO]-[2022/09/07 21:55:31] DB Copy: Creating table wpstg0_users
[INFO]-[2022/09/07 21:55:31] DB Copy: Table wp_users contains 5 rows 
[INFO]-[2022/09/07 21:55:31] DB Copy: Copy data from wp_users to wpstg0_users - 0 to 10000 records
[INFO]-[2022/09/07 21:55:31] DB Copy: Creating table wpstg0_wc_admin_note_actions
[INFO]-[2022/09/07 21:55:31] DB Copy: Table wp_wc_admin_note_actions contains 46 rows 
[INFO]-[2022/09/07 21:55:31] DB Copy: Copy data from wp_wc_admin_note_actions to wpstg0_wc_admin_note_actions - 0 to 10000 records
[INFO]-[2022/09/07 21:55:32] DB Copy: Creating table wpstg0_wc_admin_notes
[INFO]-[2022/09/07 21:55:32] DB Copy: Table wp_wc_admin_notes contains 40 rows 
[INFO]-[2022/09/07 21:55:32] DB Copy: Copy data from wp_wc_admin_notes to wpstg0_wc_admin_notes - 0 to 10000 records
[INFO]-[2022/09/07 21:55:32] DB Copy: Creating table wpstg0_wc_category_lookup
[INFO]-[2022/09/07 21:55:32] DB Copy: Table wp_wc_category_lookup contains 1 rows 
[INFO]-[2022/09/07 21:55:32] DB Copy: Copy data from wp_wc_category_lookup to wpstg0_wc_category_lookup - 0 to 10000 records
[INFO]-[2022/09/07 21:55:32] DB Copy: Creating table wpstg0_wc_customer_lookup
[INFO]-[2022/09/07 21:55:32] DB Copy: Table wp_wc_customer_lookup contains 0 rows 
[INFO]-[2022/09/07 21:55:33] DB Copy: Creating table wpstg0_wc_download_log
[INFO]-[2022/09/07 21:55:33] DB Copy: Table wp_wc_download_log contains 0 rows 
[INFO]-[2022/09/07 21:55:33] DB Copy: Creating table wpstg0_wc_order_coupon_lookup
[INFO]-[2022/09/07 21:55:33] DB Copy: Table wp_wc_order_coupon_lookup contains 0 rows 
[INFO]-[2022/09/07 21:55:34] DB Copy: Creating table wpstg0_wc_order_product_lookup
[INFO]-[2022/09/07 21:55:34] DB Copy: Table wp_wc_order_product_lookup contains 0 rows 
[INFO]-[2022/09/07 21:55:34] DB Copy: Creating table wpstg0_wc_order_stats
[INFO]-[2022/09/07 21:55:34] DB Copy: Table wp_wc_order_stats contains 0 rows 
[INFO]-[2022/09/07 21:55:35] DB Copy: Creating table wpstg0_wc_order_tax_lookup
[INFO]-[2022/09/07 21:55:35] DB Copy: Table wp_wc_order_tax_lookup contains 0 rows 
[INFO]-[2022/09/07 21:55:35] DB Copy: Creating table wpstg0_wc_product_attributes_lookup
[INFO]-[2022/09/07 21:55:35] DB Copy: Table wp_wc_product_attributes_lookup contains 0 rows 
[INFO]-[2022/09/07 21:55:36] DB Copy: Creating table wpstg0_wc_product_download_directories
[INFO]-[2022/09/07 21:55:36] DB Copy: Table wp_wc_product_download_directories contains 2 rows 
[INFO]-[2022/09/07 21:55:36] DB Copy: Copy data from wp_wc_product_download_directories to wpstg0_wc_product_download_directories - 0 to 10000 records
[INFO]-[2022/09/07 21:55:36] DB Copy: Creating table wpstg0_wc_product_meta_lookup
[INFO]-[2022/09/07 21:55:36] DB Copy: Table wp_wc_product_meta_lookup contains 0 rows 
[INFO]-[2022/09/07 21:55:36] DB Copy: Creating table wpstg0_wc_rate_limits
[INFO]-[2022/09/07 21:55:36] DB Copy: Table wp_wc_rate_limits contains 0 rows 
[INFO]-[2022/09/07 21:55:37] DB Copy: Creating table wpstg0_wc_reserved_stock
[INFO]-[2022/09/07 21:55:37] DB Copy: Table wp_wc_reserved_stock contains 0 rows 
[INFO]-[2022/09/07 21:55:37] DB Copy: Creating table wpstg0_wc_tax_rate_classes
[INFO]-[2022/09/07 21:55:37] DB Copy: Table wp_wc_tax_rate_classes contains 2 rows 
[INFO]-[2022/09/07 21:55:37] DB Copy: Copy data from wp_wc_tax_rate_classes to wpstg0_wc_tax_rate_classes - 0 to 10000 records
[INFO]-[2022/09/07 21:55:37] DB Copy: Creating table wpstg0_wc_webhooks
[INFO]-[2022/09/07 21:55:37] DB Copy: Table wp_wc_webhooks contains 0 rows 
[INFO]-[2022/09/07 21:55:38] DB Copy: Creating table wpstg0_woocommerce_api_keys
[INFO]-[2022/09/07 21:55:38] DB Copy: Table wp_woocommerce_api_keys contains 0 rows 
[INFO]-[2022/09/07 21:55:38] DB Copy: Creating table wpstg0_woocommerce_attribute_taxonomies
[INFO]-[2022/09/07 21:55:38] DB Copy: Table wp_woocommerce_attribute_taxonomies contains 0 rows 
[INFO]-[2022/09/07 21:55:39] DB Copy: Creating table wpstg0_woocommerce_downloadable_product_permissions
[INFO]-[2022/09/07 21:55:39] DB Copy: Table wp_woocommerce_downloadable_product_permissions contains 0 rows 
[INFO]-[2022/09/07 21:55:39] DB Copy: Creating table wpstg0_woocommerce_log
[INFO]-[2022/09/07 21:55:39] DB Copy: Table wp_woocommerce_log contains 0 rows 
[INFO]-[2022/09/07 21:55:39] DB Copy: Creating table wpstg0_woocommerce_order_itemmeta
[INFO]-[2022/09/07 21:55:39] DB Copy: Table wp_woocommerce_order_itemmeta contains 0 rows 
[INFO]-[2022/09/07 21:55:40] DB Copy: Creating table wpstg0_woocommerce_order_items
[INFO]-[2022/09/07 21:55:40] DB Copy: Table wp_woocommerce_order_items contains 0 rows 
[INFO]-[2022/09/07 21:55:40] DB Copy: Creating table wpstg0_woocommerce_payment_tokenmeta
[INFO]-[2022/09/07 21:55:40] DB Copy: Table wp_woocommerce_payment_tokenmeta contains 0 rows 
[INFO]-[2022/09/07 21:55:40] DB Copy: Creating table wpstg0_woocommerce_payment_tokens
[INFO]-[2022/09/07 21:55:40] DB Copy: Table wp_woocommerce_payment_tokens contains 0 rows 
[INFO]-[2022/09/07 21:55:41] DB Copy: Creating table wpstg0_woocommerce_sessions
[INFO]-[2022/09/07 21:55:41] DB Copy: Table wp_woocommerce_sessions contains 1 rows 
[INFO]-[2022/09/07 21:55:41] DB Copy: Copy data from wp_woocommerce_sessions to wpstg0_woocommerce_sessions - 0 to 10000 records
[INFO]-[2022/09/07 21:55:41] DB Copy: Creating table wpstg0_woocommerce_shipping_zone_locations
[INFO]-[2022/09/07 21:55:41] DB Copy: Table wp_woocommerce_shipping_zone_locations contains 0 rows 
[INFO]-[2022/09/07 21:55:42] DB Copy: Creating table wpstg0_woocommerce_shipping_zone_methods
[INFO]-[2022/09/07 21:55:42] DB Copy: Table wp_woocommerce_shipping_zone_methods contains 0 rows 
[INFO]-[2022/09/07 21:55:42] DB Copy: Creating table wpstg0_woocommerce_shipping_zones
[INFO]-[2022/09/07 21:55:42] DB Copy: Table wp_woocommerce_shipping_zones contains 0 rows 
[INFO]-[2022/09/07 21:55:42] DB Copy: Creating table wpstg0_woocommerce_tax_rate_locations
[INFO]-[2022/09/07 21:55:42] DB Copy: Table wp_woocommerce_tax_rate_locations contains 0 rows 
[INFO]-[2022/09/07 21:55:43] DB Copy: Creating table wpstg0_woocommerce_tax_rates
[INFO]-[2022/09/07 21:55:43] DB Copy: Table wp_woocommerce_tax_rates contains 0 rows 
[INFO]-[2022/09/07 21:55:43] DB Copy: Creating table wpstg0_wp_phpmyadmin_extension__errors_log
[INFO]-[2022/09/07 21:55:43] DB Copy: Table wp_wp_phpmyadmin_extension__errors_log contains 0 rows 
[INFO]-[2022/09/07 21:55:44] DB Copy: Creating table wpstg0_wpstg_queue
[INFO]-[2022/09/07 21:55:44] DB Copy: Table wp_wpstg_queue contains 0 rows 
[INFO]-[2022/09/07 21:55:44] DB Copy: Creating table wpstg0_council_info
[INFO]-[2022/09/07 21:55:44] DB Copy: Table council_info contains 31 rows 
[INFO]-[2022/09/07 21:55:44] DB Copy: Copy data from council_info to wpstg0_council_info - 0 to 10000 records
[INFO]-[2022/09/07 21:55:44] DB Copy: Creating table wpstg0_diversion_rate
[INFO]-[2022/09/07 21:55:44] DB Copy: Table diversion_rate contains 79 rows 
[INFO]-[2022/09/07 21:55:44] DB Copy: Copy data from diversion_rate to wpstg0_diversion_rate - 0 to 10000 records
[INFO]-[2022/09/07 21:55:45] DB Copy: Creating table wpstg0_test
[INFO]-[2022/09/07 21:55:45] DB Copy: Table test contains 0 rows 
[INFO]-[2022/09/07 21:55:45] DB Copy: Creating table wpstg0_waste_amount
[INFO]-[2022/09/07 21:55:45] DB Copy: Table waste_amount contains 4 rows 
[INFO]-[2022/09/07 21:55:45] DB Copy: Copy data from waste_amount to wpstg0_waste_amount - 0 to 10000 records
[INFO]-[2022/09/07 21:55:46] DB Search & Replace:  Table wpstg0_actionscheduler_actions 0 to 20000 records
[INFO]-[2022/09/07 21:55:47] DB Search & Replace:  Table wpstg0_actionscheduler_groups 0 to 20000 records
[INFO]-[2022/09/07 21:55:47] DB Search & Replace:  Table wpstg0_actionscheduler_logs 0 to 20000 records
[INFO]-[2022/09/07 21:55:48] DB Search & Replace:  Table wpstg0_aysquiz_answers 0 to 20000 records
[INFO]-[2022/09/07 21:55:48] DB Search & Replace:  Table wpstg0_aysquiz_categories 0 to 20000 records
[INFO]-[2022/09/07 21:55:48] DB Search & Replace:  Table wpstg0_aysquiz_questions 0 to 20000 records
[INFO]-[2022/09/07 21:55:49] DB Search & Replace:  Table wpstg0_aysquiz_quizcategories 0 to 20000 records
[INFO]-[2022/09/07 21:55:49] DB Search & Replace:  Table wpstg0_aysquiz_quizes 0 to 20000 records
[INFO]-[2022/09/07 21:55:50] DB Search & Replace:  Table wpstg0_aysquiz_settings 0 to 20000 records
[INFO]-[2022/09/07 21:55:50] DB Search & Replace:  Table wpstg0_aysquiz_themes 0 to 20000 records
[INFO]-[2022/09/07 21:55:51] DB Search & Replace:  Table wpstg0_comments 0 to 20000 records
[INFO]-[2022/09/07 21:55:52] DB Search & Replace:  Table wpstg0_duplicator_packages 0 to 20000 records
[INFO]-[2022/09/07 21:55:52] DB Search & Replace:  Table wpstg0_e_events 0 to 20000 records
[INFO]-[2022/09/07 21:55:52] DB Search & Replace:  Table wpstg0_h5p_contents 0 to 20000 records
[INFO]-[2022/09/07 21:55:53] DB Search & Replace:  Table wpstg0_h5p_contents_libraries 0 to 20000 records
[INFO]-[2022/09/07 21:55:53] DB Search & Replace:  Table wpstg0_h5p_contents_user_data 0 to 20000 records
[INFO]-[2022/09/07 21:55:54] DB Search & Replace:  Table wpstg0_h5p_counters 0 to 20000 records
[INFO]-[2022/09/07 21:55:54] DB Search & Replace:  Table wpstg0_h5p_events 0 to 20000 records
[INFO]-[2022/09/07 21:55:54] DB Search & Replace:  Table wpstg0_h5p_libraries 0 to 20000 records
[INFO]-[2022/09/07 21:55:55] DB Search & Replace:  Table wpstg0_h5p_libraries_cachedassets 0 to 20000 records
[INFO]-[2022/09/07 21:55:55] DB Search & Replace:  Table wpstg0_h5p_libraries_hub_cache 0 to 20000 records
[INFO]-[2022/09/07 21:55:56] DB Search & Replace:  Table wpstg0_h5p_libraries_languages 0 to 20000 records
[INFO]-[2022/09/07 21:55:56] DB Search & Replace:  Table wpstg0_h5p_libraries_libraries 0 to 20000 records
[INFO]-[2022/09/07 21:55:58] DB Search & Replace:  Table wpstg0_options 0 to 20000 records
[INFO]-[2022/09/07 21:55:59] DB Search & Replace:  Table wpstg0_postmeta 0 to 20000 records
[INFO]-[2022/09/07 21:56:00] DB Search & Replace:  Table wpstg0_posts 0 to 20000 records
[INFO]-[2022/09/07 21:56:01] DB Search & Replace:  Table wpstg0_revisr 0 to 20000 records
[INFO]-[2022/09/07 21:56:01] DB Search & Replace:  Table wpstg0_term_relationships 0 to 20000 records
[INFO]-[2022/09/07 21:56:01] DB Search & Replace:  Table wpstg0_term_taxonomy 0 to 20000 records
[INFO]-[2022/09/07 21:56:02] DB Search & Replace:  Table wpstg0_terms 0 to 20000 records
[INFO]-[2022/09/07 21:56:02] DB Search & Replace:  Table wpstg0_usermeta 0 to 20000 records
[INFO]-[2022/09/07 21:56:03] DB Search & Replace:  Table wpstg0_users 0 to 20000 records
[INFO]-[2022/09/07 21:56:03] DB Search & Replace:  Table wpstg0_wc_admin_note_actions 0 to 20000 records
[INFO]-[2022/09/07 21:56:04] DB Search & Replace:  Table wpstg0_wc_admin_notes 0 to 20000 records
[INFO]-[2022/09/07 21:56:04] DB Search & Replace:  Table wpstg0_wc_category_lookup 0 to 20000 records
[INFO]-[2022/09/07 21:56:07] DB Search & Replace:  Table wpstg0_wc_product_download_directories 0 to 20000 records
[INFO]-[2022/09/07 21:56:08] DB Search & Replace:  Table wpstg0_wc_tax_rate_classes 0 to 20000 records
[INFO]-[2022/09/07 21:56:13] DB Search & Replace:  Table wpstg0_woocommerce_sessions 0 to 20000 records
[INFO]-[2022/09/07 21:56:19] Scanning / for its files
[INFO]-[2022/09/07 21:56:19] Scanning wp-content/plugins/ and its sub-directories and files
[INFO]-[2022/09/07 21:56:20] Scanning wp-content/mu-plugins/ and its sub-directories and files
[INFO]-[2022/09/07 21:56:20] Scanning wp-content/themes/ and its sub-directories and files
[INFO]-[2022/09/07 21:56:20] Scanning wp-content/uploads/ and its sub-directories and files
[INFO]-[2022/09/07 21:56:21] Scanning wp-content/ for other directories and files
[INFO]-[2022/09/07 21:56:21] Scanning wp-includes/ for its sub-directories and files
[INFO]-[2022/09/07 21:56:22] Scanning wp-admin/ for its sub-directories and files
[INFO]-[2022/09/07 21:56:23] Copying files...
[INFO]-[2022/09/07 21:56:23] Total 50 files processed
[INFO]-[2022/09/07 21:56:23] Total 100 files processed
[INFO]-[2022/09/07 21:56:24] Total 150 files processed
[INFO]-[2022/09/07 21:56:24] Total 200 files processed
[INFO]-[2022/09/07 21:56:24] Total 250 files processed
[INFO]-[2022/09/07 21:56:25] Total 300 files processed
[INFO]-[2022/09/07 21:56:25] Total 350 files processed
[INFO]-[2022/09/07 21:56:25] Total 400 files processed
[INFO]-[2022/09/07 21:56:26] Total 450 files processed
[INFO]-[2022/09/07 21:56:26] Total 500 files processed
[INFO]-[2022/09/07 21:56:27] Total 550 files processed
[INFO]-[2022/09/07 21:56:28] Total 600 files processed
[INFO]-[2022/09/07 21:56:28] Total 650 files processed
[INFO]-[2022/09/07 21:56:28] Total 700 files processed
[INFO]-[2022/09/07 21:56:29] Total 750 files processed
[INFO]-[2022/09/07 21:56:29] Total 800 files processed
[INFO]-[2022/09/07 21:56:30] Total 850 files processed
[INFO]-[2022/09/07 21:56:30] Total 900 files processed
[INFO]-[2022/09/07 21:56:30] Total 950 files processed
[INFO]-[2022/09/07 21:56:31] Total 1000 files processed
[INFO]-[2022/09/07 21:56:31] Total 1050 files processed
[INFO]-[2022/09/07 21:56:32] Total 1100 files processed
[INFO]-[2022/09/07 21:56:32] Total 1150 files processed
[INFO]-[2022/09/07 21:56:32] Total 1200 files processed
[INFO]-[2022/09/07 21:56:33] Total 1250 files processed
[INFO]-[2022/09/07 21:56:33] Total 1300 files processed
[INFO]-[2022/09/07 21:56:33] Total 1350 files processed
[INFO]-[2022/09/07 21:56:34] Total 1400 files processed
[INFO]-[2022/09/07 21:56:34] Total 1450 files processed
[INFO]-[2022/09/07 21:56:35] Total 1500 files processed
[INFO]-[2022/09/07 21:56:35] Total 1550 files processed
[INFO]-[2022/09/07 21:56:35] Total 1600 files processed
[INFO]-[2022/09/07 21:56:36] Total 1650 files processed
[INFO]-[2022/09/07 21:56:36] Total 1700 files processed
[INFO]-[2022/09/07 21:56:37] Total 1750 files processed
[INFO]-[2022/09/07 21:56:37] Total 1800 files processed
[INFO]-[2022/09/07 21:56:37] Total 1850 files processed
[INFO]-[2022/09/07 21:56:38] Total 1900 files processed
[INFO]-[2022/09/07 21:56:38] Total 1950 files processed
[INFO]-[2022/09/07 21:56:39] Total 2000 files processed
[INFO]-[2022/09/07 21:56:39] Total 2050 files processed
[INFO]-[2022/09/07 21:56:39] Total 2100 files processed
[INFO]-[2022/09/07 21:56:40] Total 2150 files processed
[INFO]-[2022/09/07 21:56:40] Total 2200 files processed
[INFO]-[2022/09/07 21:56:41] Total 2250 files processed
[INFO]-[2022/09/07 21:56:41] Total 2300 files processed
[INFO]-[2022/09/07 21:56:41] Total 2350 files processed
[INFO]-[2022/09/07 21:56:42] Total 2400 files processed
[INFO]-[2022/09/07 21:56:42] Total 2450 files processed
[INFO]-[2022/09/07 21:56:43] Total 2500 files processed
[INFO]-[2022/09/07 21:56:43] Total 2550 files processed
[INFO]-[2022/09/07 21:56:43] Total 2600 files processed
[INFO]-[2022/09/07 21:56:44] Total 2650 files processed
[INFO]-[2022/09/07 21:56:44] Total 2700 files processed
[INFO]-[2022/09/07 21:56:45] Total 2750 files processed
[INFO]-[2022/09/07 21:56:45] Total 2800 files processed
[INFO]-[2022/09/07 21:56:45] Total 2850 files processed
[INFO]-[2022/09/07 21:56:46] Total 2900 files processed
[INFO]-[2022/09/07 21:56:46] Total 2950 files processed
[INFO]-[2022/09/07 21:56:47] Total 3000 files processed
[INFO]-[2022/09/07 21:56:47] Total 3050 files processed
[INFO]-[2022/09/07 21:56:48] Total 3100 files processed
[INFO]-[2022/09/07 21:56:48] Total 3150 files processed
[INFO]-[2022/09/07 21:56:48] Total 3200 files processed
[INFO]-[2022/09/07 21:56:49] Total 3250 files processed
[INFO]-[2022/09/07 21:56:49] Total 3300 files processed
[INFO]-[2022/09/07 21:56:50] Total 3350 files processed
[INFO]-[2022/09/07 21:56:50] Total 3400 files processed
[INFO]-[2022/09/07 21:56:50] Total 3450 files processed
[INFO]-[2022/09/07 21:56:51] Total 3500 files processed
[INFO]-[2022/09/07 21:56:51] Total 3550 files processed
[INFO]-[2022/09/07 21:56:52] Total 3600 files processed
[INFO]-[2022/09/07 21:56:52] Total 3650 files processed
[INFO]-[2022/09/07 21:56:52] Total 3700 files processed
[INFO]-[2022/09/07 21:56:53] Total 3750 files processed
[INFO]-[2022/09/07 21:56:53] Total 3800 files processed
[INFO]-[2022/09/07 21:56:54] Total 3850 files processed
[INFO]-[2022/09/07 21:56:54] Total 3900 files processed
[INFO]-[2022/09/07 21:56:54] Total 3950 files processed
[INFO]-[2022/09/07 21:56:55] Total 4000 files processed
[INFO]-[2022/09/07 21:56:55] Total 4050 files processed
[INFO]-[2022/09/07 21:56:56] Total 4100 files processed
[INFO]-[2022/09/07 21:56:56] Total 4150 files processed
[INFO]-[2022/09/07 21:56:56] Total 4200 files processed
[INFO]-[2022/09/07 21:56:57] Total 4250 files processed
[INFO]-[2022/09/07 21:56:57] Total 4300 files processed
[INFO]-[2022/09/07 21:56:57] Total 4350 files processed
[INFO]-[2022/09/07 21:56:58] Total 4400 files processed
[INFO]-[2022/09/07 21:56:58] Total 4450 files processed
[INFO]-[2022/09/07 21:56:59] Total 4500 files processed
[INFO]-[2022/09/07 21:56:59] Total 4550 files processed
[INFO]-[2022/09/07 21:56:59] Total 4600 files processed
[INFO]-[2022/09/07 21:57:00] Total 4650 files processed
[INFO]-[2022/09/07 21:57:00] Total 4700 files processed
[INFO]-[2022/09/07 21:57:01] Total 4750 files processed
[INFO]-[2022/09/07 21:57:01] Total 4800 files processed
[INFO]-[2022/09/07 21:57:01] Total 4850 files processed
[INFO]-[2022/09/07 21:57:02] Total 4900 files processed
[INFO]-[2022/09/07 21:57:02] Total 4950 files processed
[INFO]-[2022/09/07 21:57:02] Total 5000 files processed
[INFO]-[2022/09/07 21:57:03] Total 5050 files processed
[INFO]-[2022/09/07 21:57:03] Total 5100 files processed
[INFO]-[2022/09/07 21:57:04] Total 5150 files processed
[INFO]-[2022/09/07 21:57:04] Total 5200 files processed
[INFO]-[2022/09/07 21:57:04] Total 5250 files processed
[INFO]-[2022/09/07 21:57:05] Total 5300 files processed
[INFO]-[2022/09/07 21:57:05] Total 5350 files processed
[INFO]-[2022/09/07 21:57:06] Total 5400 files processed
[INFO]-[2022/09/07 21:57:06] Total 5450 files processed
[INFO]-[2022/09/07 21:57:06] Total 5500 files processed
[INFO]-[2022/09/07 21:57:07] Total 5550 files processed
[INFO]-[2022/09/07 21:57:07] Total 5600 files processed
[INFO]-[2022/09/07 21:57:08] Total 5650 files processed
[INFO]-[2022/09/07 21:57:08] Total 5700 files processed
[INFO]-[2022/09/07 21:57:08] Total 5750 files processed
[INFO]-[2022/09/07 21:57:09] Total 5800 files processed
[INFO]-[2022/09/07 21:57:09] Total 5850 files processed
[INFO]-[2022/09/07 21:57:10] Total 5900 files processed
[INFO]-[2022/09/07 21:57:10] Total 5950 files processed
[INFO]-[2022/09/07 21:57:10] Total 6000 files processed
[INFO]-[2022/09/07 21:57:11] Total 6050 files processed
[INFO]-[2022/09/07 21:57:11] Total 6100 files processed
[INFO]-[2022/09/07 21:57:12] Total 6150 files processed
[INFO]-[2022/09/07 21:57:12] Total 6200 files processed
[INFO]-[2022/09/07 21:57:13] Total 6250 files processed
[INFO]-[2022/09/07 21:57:13] Total 6300 files processed
[INFO]-[2022/09/07 21:57:13] Total 6350 files processed
[INFO]-[2022/09/07 21:57:14] Total 6400 files processed
[INFO]-[2022/09/07 21:57:14] Total 6450 files processed
[INFO]-[2022/09/07 21:57:15] Total 6500 files processed
[INFO]-[2022/09/07 21:57:15] Total 6550 files processed
[INFO]-[2022/09/07 21:57:15] Total 6600 files processed
[INFO]-[2022/09/07 21:57:16] Total 6650 files processed
[INFO]-[2022/09/07 21:57:16] Total 6700 files processed
[INFO]-[2022/09/07 21:57:17] Total 6750 files processed
[INFO]-[2022/09/07 21:57:17] Total 6800 files processed
[INFO]-[2022/09/07 21:57:17] Total 6850 files processed
[INFO]-[2022/09/07 21:57:18] Total 6900 files processed
[INFO]-[2022/09/07 21:57:18] Total 6950 files processed
[INFO]-[2022/09/07 21:57:18] Total 7000 files processed
[INFO]-[2022/09/07 21:57:19] Total 7050 files processed
[INFO]-[2022/09/07 21:57:19] Total 7100 files processed
[INFO]-[2022/09/07 21:57:20] Total 7150 files processed
[INFO]-[2022/09/07 21:57:20] Total 7200 files processed
[INFO]-[2022/09/07 21:57:21] Total 7250 files processed
[INFO]-[2022/09/07 21:57:21] Total 7300 files processed
[INFO]-[2022/09/07 21:57:21] Total 7350 files processed
[INFO]-[2022/09/07 21:57:22] Total 7400 files processed
[INFO]-[2022/09/07 21:57:22] Total 7450 files processed
[INFO]-[2022/09/07 21:57:23] Total 7500 files processed
[INFO]-[2022/09/07 21:57:23] Total 7550 files processed
[INFO]-[2022/09/07 21:57:23] Total 7600 files processed
[INFO]-[2022/09/07 21:57:24] Total 7650 files processed
[INFO]-[2022/09/07 21:57:24] Total 7700 files processed
[INFO]-[2022/09/07 21:57:25] Total 7750 files processed
[INFO]-[2022/09/07 21:57:25] Total 7800 files processed
[INFO]-[2022/09/07 21:57:25] Total 7850 files processed
[INFO]-[2022/09/07 21:57:26] Skipping big file: /var/www/wordpress/wp-content/backups-dup-lite/iteration_1_c9cb58deda27e34c3735_20220907103533_archive.zip
[INFO]-[2022/09/07 21:57:26] Total 7900 files processed
[INFO]-[2022/09/07 21:57:26] Total 7950 files processed
[INFO]-[2022/09/07 21:57:27] Total 8000 files processed
[INFO]-[2022/09/07 21:57:27] Total 8050 files processed
[INFO]-[2022/09/07 21:57:27] Skipping big file: /var/www/wordpress/wp-content/ai1wm-backups/recyclingforkids.me-20220907-103040-076m0f.wpress
[INFO]-[2022/09/07 21:57:27] Total 8100 files processed
[INFO]-[2022/09/07 21:57:28] Total 8150 files processed
[INFO]-[2022/09/07 21:57:28] Total 8200 files processed
[INFO]-[2022/09/07 21:57:29] Total 8250 files processed
[INFO]-[2022/09/07 21:57:29] Total 8300 files processed
[INFO]-[2022/09/07 21:57:29] Total 8350 files processed
[INFO]-[2022/09/07 21:57:30] Total 8400 files processed
[INFO]-[2022/09/07 21:57:30] Total 8450 files processed
[INFO]-[2022/09/07 21:57:31] Total 8500 files processed
[INFO]-[2022/09/07 21:57:31] Total 8550 files processed
[INFO]-[2022/09/07 21:57:31] Total 8600 files processed
[INFO]-[2022/09/07 21:57:32] Total 8650 files processed
[INFO]-[2022/09/07 21:57:32] Total 8700 files processed
[INFO]-[2022/09/07 21:57:32] Total 8750 files processed
[INFO]-[2022/09/07 21:57:33] Total 8800 files processed
[INFO]-[2022/09/07 21:57:33] Total 8850 files processed
[INFO]-[2022/09/07 21:57:34] Total 8900 files processed
[INFO]-[2022/09/07 21:57:34] Total 8950 files processed
[INFO]-[2022/09/07 21:57:34] Total 9000 files processed
[INFO]-[2022/09/07 21:57:35] Total 9050 files processed
[INFO]-[2022/09/07 21:57:35] Total 9100 files processed
[INFO]-[2022/09/07 21:57:36] Total 9150 files processed
[INFO]-[2022/09/07 21:57:36] Total 9200 files processed
[INFO]-[2022/09/07 21:57:36] Total 9250 files processed
[INFO]-[2022/09/07 21:57:37] Total 9300 files processed
[INFO]-[2022/09/07 21:57:37] Total 9350 files processed
[INFO]-[2022/09/07 21:57:38] Total 9400 files processed
[INFO]-[2022/09/07 21:57:38] Total 9450 files processed
[INFO]-[2022/09/07 21:57:38] Total 9500 files processed
[INFO]-[2022/09/07 21:57:39] Total 9550 files processed
[INFO]-[2022/09/07 21:57:39] Total 9600 files processed
[INFO]-[2022/09/07 21:57:40] Total 9650 files processed
[INFO]-[2022/09/07 21:57:40] Total 9700 files processed
[INFO]-[2022/09/07 21:57:40] Total 9750 files processed
[INFO]-[2022/09/07 21:57:41] Total 9800 files processed
[INFO]-[2022/09/07 21:57:41] Total 9850 files processed
[INFO]-[2022/09/07 21:57:42] Total 9900 files processed
[INFO]-[2022/09/07 21:57:42] Total 9950 files processed
[INFO]-[2022/09/07 21:57:42] Total 10000 files processed
[INFO]-[2022/09/07 21:57:43] Total 10050 files processed
[INFO]-[2022/09/07 21:57:43] Total 10100 files processed
[INFO]-[2022/09/07 21:57:44] Total 10150 files processed
[INFO]-[2022/09/07 21:57:44] Total 10200 files processed
[INFO]-[2022/09/07 21:57:44] Total 10250 files processed
[INFO]-[2022/09/07 21:57:45] Total 10300 files processed
[INFO]-[2022/09/07 21:57:45] Total 10350 files processed
[INFO]-[2022/09/07 21:57:45] Total 10400 files processed
[INFO]-[2022/09/07 21:57:46] Total 10450 files processed
[INFO]-[2022/09/07 21:57:46] Total 10500 files processed
[INFO]-[2022/09/07 21:57:47] Skipped symlinking Wp Uploads Folder
[INFO]-[2022/09/07 21:57:47] Copying files finished
[INFO]-[2022/09/07 21:57:48] DB Data Step 0: Copy wp-config.php file
[INFO]-[2022/09/07 21:57:48] DB Data Step 0: Skipping: wp-config.php already exists in /var/www/wordpress/iteration1/wp-config.php
[INFO]-[2022/09/07 21:57:48] DB Data Step 1: Updating siteurl and homeurl in wpstg0_options to https://recyclingforkids.me/iteration1
[INFO]-[2022/09/07 21:57:49] DB Data Step 3: Updating db prefix in wpstg0_usermeta.
[INFO]-[2022/09/07 21:57:49] DB Data Step 4: Updating table_prefix in /var/www/wordpress/iteration1/wp-config.php to wpstg0_
[INFO]-[2022/09/07 21:57:50] DB Data Step 5: WP installation is not in a subdirectory! Skipping this step
[INFO]-[2022/09/07 21:57:50] DB Data Step 6: Updating db prefix in wpstg0_options.
[INFO]-[2022/09/07 21:57:50] DB Data Step 7: Updating constants in wp-config.php
[INFO]-[2022/09/07 21:57:50] DB Data Step 7: Added:UPLOADS
[INFO]-[2022/09/07 21:57:50] DB Data Step 7: Added:WP_PLUGIN_DIR
[INFO]-[2022/09/07 21:57:50] DB Data Step 7: Added:WP_PLUGIN_URL
[INFO]-[2022/09/07 21:57:50] DB Data Step 7: Added:WP_LANG_DIR
[INFO]-[2022/09/07 21:57:50] DB Data Step 7: Added:WP_HOME
[INFO]-[2022/09/07 21:57:50] DB Data Step 7: Added:WP_SITEURL
[INFO]-[2022/09/07 21:57:50] DB Data Step 7: Added:WP_CACHE
[INFO]-[2022/09/07 21:57:50] DB Data Step 7: Added:WP_ENVIRONMENT_TYPE
[INFO]-[2022/09/07 21:57:50] DB Data Step 7: Skipping: WP_ALLOW_MULTISITE not defined in wp-config.php.
[INFO]-[2022/09/07 21:57:50] DB Data Step 7: Skipping: MULTISITE not defined in wp-config.php.
[INFO]-[2022/09/07 21:57:51] Finish: Deleting clone job's cache files...
[INFO]-[2022/09/07 21:57:51] Finish: Clone job's cache files have been deleted!
[INFO]-[2022/09/07 21:57:51] Finish: Verifying existing clones...
[INFO]-[2022/09/07 21:57:51] Finish: The job finished!
